<?xml version="1.0" encoding="UTF-8"?>
<!-- Generated by org.testng.reporters.JUnitReportReporter -->
<testsuite skipped="0" hostname="DESKTOP-KGGD9A8" name="com.org.flightscan.LoginPageTest" tests="1" failures="0" timestamp="03 Nov 2018 13:27:31 GMT" time="11.818" errors="0">
  <testcase name="currentDateValidation" time="11.818" classname="com.org.flightscan.LoginPageTest"/>
</testsuite> <!-- com.org.flightscan.LoginPageTest -->
