<?xml version="1.0" encoding="UTF-8"?>
<!-- Generated by org.testng.reporters.JUnitReportReporter -->
<testsuite skipped="0" hostname="DESKTOP-KGGD9A8" name="com.org.flightscan.HomePageTest" tests="1" failures="0" timestamp="03 Nov 2018 11:16:11 GMT" time="22.643" errors="0">
  <testcase name="selectDatesandBookFlights" time="22.643" classname="com.org.flightscan.HomePageTest"/>
</testsuite> <!-- com.org.flightscan.HomePageTest -->
